15:49:34.551 [main] DEBUG - Save part 'docProps/app.xml'
15:49:34.560 [main] DEBUG - Save part 'docProps/core.xml'
15:49:34.563 [main] DEBUG - Save part 'xl/sharedStrings.xml'
15:49:34.564 [main] DEBUG - Save part 'xl/styles.xml'
15:49:34.564 [main] DEBUG - Save part 'xl/theme/theme1.xml'
15:49:34.565 [main] DEBUG - Save part 'xl/workbook.xml'
15:49:34.567 [main] DEBUG - Save part 'xl/worksheets/sheet1.xml'
15:49:34.567 [main] DEBUG - Save part 'xl/worksheets/sheet2.xml'
15:49:34.815 [main] INFO  - Navigating to HomePage...
15:49:35.330 [main] INFO  - Clicking on Holiday Package...
15:49:35.986 [main] INFO  - Clicking Explore Europe Category...
15:49:36.890 [main] INFO  - Selecting Italy location...
15:49:39.754 [main] INFO  - Verifying Holiday Package Page...
15:49:42.538 [main] INFO  - Closing the popup that appears...
15:49:52.932 [main] INFO  - Choosing All Packages section...
15:49:53.271 [main] INFO  - Scrolling down till all packages are loaded...And capturing them...
15:50:35.126 [main] DEBUG - Parsing relationship: /xl/_rels/workbook.xml.rels
15:50:35.127 [main] DEBUG - Parsing relationship: /_rels/.rels
15:50:37.992 [main] DEBUG - Save content types part
15:50:37.994 [main] DEBUG - Save package relationships
15:50:37.995 [main] DEBUG - Save part 'docProps/app.xml'
15:50:37.996 [main] DEBUG - Save part 'docProps/core.xml'
15:50:37.997 [main] DEBUG - Save part 'xl/sharedStrings.xml'
15:50:37.998 [main] DEBUG - Save part 'xl/styles.xml'
15:50:37.998 [main] DEBUG - Save part 'xl/theme/theme1.xml'
15:50:37.999 [main] DEBUG - Save part 'xl/workbook.xml'
15:50:38.001 [main] DEBUG - Save part 'xl/worksheets/sheet1.xml'
15:50:38.001 [main] DEBUG - Save part 'xl/worksheets/sheet2.xml'
15:50:38.182 [main] INFO  - Navigating to HomePage...
15:50:52.669 [main] INFO  - Opening chrome browser...
15:50:54.449 [main] INFO  - Ad bypassed...
15:50:54.953 [main] INFO  - Navigating to GiftCards Page...
15:50:58.076 [main] INFO  - Selecting Occasions category...
15:50:58.395 [main] INFO  - Navigating to Staycation Giftcard Page...
15:50:58.631 [main] INFO  - Validating GiftCards page...
15:50:58.814 [main] INFO  - Entering amount - 3267 ...
15:50:59.576 [main] INFO  - Selecting Email button...
15:50:59.838 [main] INFO  - Increasing quantity 2 times...
15:51:00.095 [main] INFO  - Selecting Send to different recipients slider button...
15:51:00.392 [main] INFO  - Filling in recipient details - name1 : name2 ...
15:51:00.730 [main] INFO  - Filling in sender details - Vasco Da Gamer : 9876543210 : appleofeden ...
15:51:01.198 [main] INFO  - Validating the displayed details...
15:51:01.392 [main] INFO  - Filling in coupon - FUHREEE ...
15:51:01.692 [main] INFO  - Clicking BuyNow button...
15:51:02.022 [main] INFO  - Validating the error messages...
15:51:02.098 [main] DEBUG - Parsing relationship: /xl/_rels/workbook.xml.rels
15:51:02.099 [main] DEBUG - Parsing relationship: /xl/worksheets/_rels/sheet1.xml.rels
15:51:02.099 [main] DEBUG - Parsing relationship: /xl/worksheets/_rels/sheet2.xml.rels
15:51:02.100 [main] DEBUG - Parsing relationship: /xl/worksheets/_rels/sheet3.xml.rels
15:51:02.100 [main] DEBUG - Parsing relationship: /_rels/.rels
15:51:02.109 [main] DEBUG - using default POIXMLDocumentPart for http://schemas.openxmlformats.org/officeDocument/2006/relationships/printerSettings
15:51:02.109 [main] DEBUG - using default POIXMLDocumentPart for http://schemas.openxmlformats.org/officeDocument/2006/relationships/printerSettings
15:51:02.120 [main] TRACE - Resolving type for handle cthyperlinks6416type
15:51:02.124 [main] TRACE - Resolving type for handle cthyperlink0c85type
15:51:02.133 [main] DEBUG - Save content types part
15:51:02.135 [main] DEBUG - Save package relationships
15:51:02.135 [main] DEBUG - Save part 'docProps/app.xml'
15:51:02.136 [main] DEBUG - Save part 'docProps/core.xml'
15:51:02.136 [main] DEBUG - Save part 'xl/printerSettings/printerSettings1.bin'
15:51:02.137 [main] DEBUG - Save part 'xl/printerSettings/printerSettings2.bin'
15:51:02.139 [main] DEBUG - Save part 'xl/sharedStrings.xml'
15:51:02.139 [main] DEBUG - Save part 'xl/styles.xml'
15:51:02.140 [main] DEBUG - Save part 'xl/theme/theme1.xml'
15:51:02.140 [main] DEBUG - Save part 'xl/workbook.xml'
15:51:02.141 [main] DEBUG - Save part 'xl/worksheets/sheet1.xml'
15:51:02.143 [main] DEBUG - Save part 'xl/worksheets/sheet2.xml'
15:51:02.145 [main] DEBUG - Save part 'xl/worksheets/sheet3.xml'
15:51:11.001 [main] INFO  - Opening chrome browser...
15:51:31.127 [main] INFO  - Ad not displayed...Moving forward...
15:51:31.359 [main] INFO  - Navigating to GiftCards Page...
15:51:33.944 [main] INFO  - Selecting Occasions category...
15:51:34.260 [main] INFO  - Navigating to Staycation Giftcard Page...
15:51:34.480 [main] INFO  - Validating GiftCards page...
15:51:34.673 [main] INFO  - Entering amount - 20000 ...
15:51:35.388 [main] INFO  - Selecting Email button...
15:51:35.658 [main] INFO  - Increasing quantity 2 times...
15:51:35.920 [main] INFO  - Selecting Send to different recipients slider button...
15:51:36.234 [main] INFO  - Filling in recipient details - 987 : 345 ...
15:51:36.594 [main] INFO  - Filling in sender details - PolkaMan : 3242 : 123nji ...
15:51:37.051 [main] INFO  - Validating the displayed details...
15:51:37.293 [main] INFO  - Filling in coupon - polkapolka ...
15:51:37.598 [main] INFO  - Clicking BuyNow button...
15:51:37.855 [main] INFO  - Validating the error messages...
15:51:37.938 [main] DEBUG - Parsing relationship: /xl/_rels/workbook.xml.rels
15:51:37.938 [main] DEBUG - Parsing relationship: /xl/worksheets/_rels/sheet1.xml.rels
15:51:37.939 [main] DEBUG - Parsing relationship: /xl/worksheets/_rels/sheet2.xml.rels
15:51:37.939 [main] DEBUG - Parsing relationship: /xl/worksheets/_rels/sheet3.xml.rels
15:51:37.939 [main] DEBUG - Parsing relationship: /_rels/.rels
15:51:37.944 [main] DEBUG - using default POIXMLDocumentPart for http://schemas.openxmlformats.org/officeDocument/2006/relationships/printerSettings
15:51:37.944 [main] DEBUG - using default POIXMLDocumentPart for http://schemas.openxmlformats.org/officeDocument/2006/relationships/printerSettings
15:51:37.961 [main] DEBUG - Save content types part
15:51:37.962 [main] DEBUG - Save package relationships
15:51:37.963 [main] DEBUG - Save part 'docProps/app.xml'
15:51:37.963 [main] DEBUG - Save part 'docProps/core.xml'
15:51:37.964 [main] DEBUG - Save part 'xl/printerSettings/printerSettings1.bin'
15:51:37.964 [main] DEBUG - Save part 'xl/printerSettings/printerSettings2.bin'
15:51:37.964 [main] DEBUG - Save part 'xl/sharedStrings.xml'
15:51:37.964 [main] DEBUG - Save part 'xl/styles.xml'
15:51:37.965 [main] DEBUG - Save part 'xl/theme/theme1.xml'
15:51:37.965 [main] DEBUG - Save part 'xl/workbook.xml'
15:51:37.966 [main] DEBUG - Save part 'xl/worksheets/sheet1.xml'
15:51:37.967 [main] DEBUG - Save part 'xl/worksheets/sheet2.xml'
15:51:37.968 [main] DEBUG - Save part 'xl/worksheets/sheet3.xml'
15:51:48.034 [main] INFO  - Opening chrome browser...
15:52:08.128 [main] INFO  - Ad not displayed...Moving forward...
15:52:08.344 [main] INFO  - Navigating to GiftCards Page...
15:52:11.138 [main] INFO  - Selecting Occasions category...
15:52:11.558 [main] INFO  - Navigating to Staycation Giftcard Page...
15:52:11.913 [main] INFO  - Validating GiftCards page...
15:52:12.072 [main] INFO  - Entering amount - 5520 ...
15:52:12.584 [main] INFO  - Selecting Email button...
15:52:12.850 [main] INFO  - Increasing quantity 2 times...
15:52:13.102 [main] INFO  - Selecting Send to different recipients slider button...
15:52:13.407 [main] INFO  - Filling in recipient details - guy1 : guy2 ...
15:52:13.742 [main] INFO  - Filling in sender details - Jack Sparrow : 9753186420 : iladamuerte ...
15:52:14.218 [main] INFO  - Validating the displayed details...
15:52:14.425 [main] INFO  - Filling in coupon - KRAKEN ...
15:52:14.714 [main] INFO  - Clicking BuyNow button...
15:52:15.004 [main] INFO  - Validating the error messages...
15:52:15.095 [main] DEBUG - Parsing relationship: /xl/_rels/workbook.xml.rels
15:52:15.096 [main] DEBUG - Parsing relationship: /xl/worksheets/_rels/sheet1.xml.rels
15:52:15.096 [main] DEBUG - Parsing relationship: /xl/worksheets/_rels/sheet2.xml.rels
15:52:15.096 [main] DEBUG - Parsing relationship: /xl/worksheets/_rels/sheet3.xml.rels
15:52:15.097 [main] DEBUG - Parsing relationship: /_rels/.rels
15:52:15.107 [main] DEBUG - using default POIXMLDocumentPart for http://schemas.openxmlformats.org/officeDocument/2006/relationships/printerSettings
15:52:15.107 [main] DEBUG - using default POIXMLDocumentPart for http://schemas.openxmlformats.org/officeDocument/2006/relationships/printerSettings
15:52:15.126 [main] DEBUG - Save content types part
15:52:15.127 [main] DEBUG - Save package relationships
15:52:15.127 [main] DEBUG - Save part 'docProps/app.xml'
15:52:15.128 [main] DEBUG - Save part 'docProps/core.xml'
15:52:15.128 [main] DEBUG - Save part 'xl/printerSettings/printerSettings1.bin'
15:52:15.129 [main] DEBUG - Save part 'xl/printerSettings/printerSettings2.bin'
15:52:15.129 [main] DEBUG - Save part 'xl/sharedStrings.xml'
15:52:15.129 [main] DEBUG - Save part 'xl/styles.xml'
15:52:15.129 [main] DEBUG - Save part 'xl/theme/theme1.xml'
15:52:15.129 [main] DEBUG - Save part 'xl/workbook.xml'
15:52:15.130 [main] DEBUG - Save part 'xl/worksheets/sheet1.xml'
15:52:15.131 [main] DEBUG - Save part 'xl/worksheets/sheet2.xml'
15:52:15.132 [main] DEBUG - Save part 'xl/worksheets/sheet3.xml'
15:52:25.927 [main] INFO  - Opening chrome browser...
15:52:27.530 [main] INFO  - Ad bypassed...
15:52:27.944 [main] INFO  - Navigating to GiftCards Page...
15:52:31.134 [main] INFO  - Selecting Occasions category...
15:52:31.440 [main] INFO  - Navigating to Staycation Giftcard Page...
15:52:31.652 [main] INFO  - Validating GiftCards page...
15:52:31.822 [main] INFO  - Entering amount - 2000 ...
15:52:32.603 [main] INFO  - Selecting Email button...
15:52:32.867 [main] INFO  - Increasing quantity 2 times...
15:52:33.113 [main] INFO  - Selecting Send to different recipients slider button...
15:52:33.396 [main] INFO  - Filling in recipient details - name1@gmail.com : name2@gmail.com ...
15:52:33.834 [main] INFO  - Filling in sender details - Vasco Da Gamer : 9876543210 : appleofeden@gmail.com ...
15:52:34.340 [main] INFO  - Validating the displayed details...
15:52:34.563 [main] INFO  - Clicking BuyNow button...
15:52:34.809 [main] INFO  - Validating Payment Page...
15:52:38.141 [main] DEBUG - Parsing relationship: /xl/_rels/workbook.xml.rels
15:52:38.142 [main] DEBUG - Parsing relationship: /xl/worksheets/_rels/sheet1.xml.rels
15:52:38.142 [main] DEBUG - Parsing relationship: /xl/worksheets/_rels/sheet2.xml.rels
15:52:38.143 [main] DEBUG - Parsing relationship: /xl/worksheets/_rels/sheet3.xml.rels
15:52:38.143 [main] DEBUG - Parsing relationship: /_rels/.rels
15:52:38.148 [main] DEBUG - using default POIXMLDocumentPart for http://schemas.openxmlformats.org/officeDocument/2006/relationships/printerSettings
15:52:38.148 [main] DEBUG - using default POIXMLDocumentPart for http://schemas.openxmlformats.org/officeDocument/2006/relationships/printerSettings
15:52:38.166 [main] DEBUG - Save content types part
15:52:38.167 [main] DEBUG - Save package relationships
15:52:38.168 [main] DEBUG - Save part 'docProps/app.xml'
15:52:38.168 [main] DEBUG - Save part 'docProps/core.xml'
15:52:38.169 [main] DEBUG - Save part 'xl/printerSettings/printerSettings1.bin'
15:52:38.169 [main] DEBUG - Save part 'xl/printerSettings/printerSettings2.bin'
15:52:38.169 [main] DEBUG - Save part 'xl/sharedStrings.xml'
15:52:38.169 [main] DEBUG - Save part 'xl/styles.xml'
15:52:38.169 [main] DEBUG - Save part 'xl/theme/theme1.xml'
15:52:38.170 [main] DEBUG - Save part 'xl/workbook.xml'
15:52:38.171 [main] DEBUG - Save part 'xl/worksheets/sheet1.xml'
15:52:38.171 [main] DEBUG - Save part 'xl/worksheets/sheet2.xml'
15:52:38.172 [main] DEBUG - Save part 'xl/worksheets/sheet3.xml'
15:52:48.698 [main] INFO  - Opening chrome browser...
15:53:08.897 [main] INFO  - Ad not displayed...Moving forward...
15:53:09.083 [main] INFO  - Navigating to Cabs Page...
15:53:09.430 [main] INFO  - Filling in from and to locations- Delhi : Manali, Himachal Pradesh, India ...
15:53:13.288 [main] INFO  - Selecting departure - 23 and time - 6:30:PM details...
15:53:18.435 [main] INFO  - Clicking Search...
15:53:20.918 [main] INFO  - Selecting filter - SUV...
15:53:24.544 [main] INFO  - Capturing cab details with lowest charges...
15:53:24.587 [main] DEBUG - Parsing relationship: /xl/_rels/workbook.xml.rels
15:53:24.587 [main] DEBUG - Parsing relationship: /xl/worksheets/_rels/sheet1.xml.rels
15:53:24.587 [main] DEBUG - Parsing relationship: /xl/worksheets/_rels/sheet2.xml.rels
15:53:24.588 [main] DEBUG - Parsing relationship: /xl/worksheets/_rels/sheet3.xml.rels
15:53:24.588 [main] DEBUG - Parsing relationship: /_rels/.rels
15:53:24.592 [main] DEBUG - using default POIXMLDocumentPart for http://schemas.openxmlformats.org/officeDocument/2006/relationships/printerSettings
15:53:24.592 [main] DEBUG - using default POIXMLDocumentPart for http://schemas.openxmlformats.org/officeDocument/2006/relationships/printerSettings
15:53:24.640 [main] DEBUG - Save content types part
15:53:24.641 [main] DEBUG - Save package relationships
15:53:24.642 [main] DEBUG - Save part 'docProps/app.xml'
15:53:24.642 [main] DEBUG - Save part 'docProps/core.xml'
15:53:24.643 [main] DEBUG - Save part 'xl/printerSettings/printerSettings1.bin'
15:53:24.643 [main] DEBUG - Save part 'xl/printerSettings/printerSettings2.bin'
15:53:24.643 [main] DEBUG - Save part 'xl/sharedStrings.xml'
15:53:24.644 [main] DEBUG - Save part 'xl/styles.xml'
15:53:24.644 [main] DEBUG - Save part 'xl/theme/theme1.xml'
15:53:24.644 [main] DEBUG - Save part 'xl/workbook.xml'
15:53:24.647 [main] DEBUG - Save part 'xl/worksheets/sheet1.xml'
15:53:24.648 [main] DEBUG - Save part 'xl/worksheets/sheet2.xml'
15:53:24.649 [main] DEBUG - Save part 'xl/worksheets/sheet3.xml'
15:53:35.758 [main] INFO  - Opening chrome browser...
15:53:37.238 [main] INFO  - Ad bypassed...
15:53:37.672 [main] INFO  - Navigating to Cabs Page...
15:53:38.911 [main] INFO  - Filling in from and to locations- Hyderabad : Hosur, Tamil Nadu, India ...
15:53:42.612 [main] INFO  - Selecting departure - 15 and time - 7:40:AM details...
15:53:47.558 [main] INFO  - Clicking Search...
15:53:49.624 [main] INFO  - Selecting filter - SEDAN...
15:53:51.651 [main] INFO  - Capturing cab details with lowest charges...
15:53:51.688 [main] DEBUG - Parsing relationship: /xl/_rels/workbook.xml.rels
15:53:51.689 [main] DEBUG - Parsing relationship: /xl/worksheets/_rels/sheet1.xml.rels
15:53:51.689 [main] DEBUG - Parsing relationship: /xl/worksheets/_rels/sheet2.xml.rels
15:53:51.689 [main] DEBUG - Parsing relationship: /xl/worksheets/_rels/sheet3.xml.rels
15:53:51.689 [main] DEBUG - Parsing relationship: /_rels/.rels
15:53:51.696 [main] DEBUG - using default POIXMLDocumentPart for http://schemas.openxmlformats.org/officeDocument/2006/relationships/printerSettings
15:53:51.697 [main] DEBUG - using default POIXMLDocumentPart for http://schemas.openxmlformats.org/officeDocument/2006/relationships/printerSettings
15:53:51.757 [main] DEBUG - Save content types part
15:53:51.758 [main] DEBUG - Save package relationships
15:53:51.759 [main] DEBUG - Save part 'docProps/app.xml'
15:53:51.759 [main] DEBUG - Save part 'docProps/core.xml'
15:53:51.760 [main] DEBUG - Save part 'xl/printerSettings/printerSettings1.bin'
15:53:51.760 [main] DEBUG - Save part 'xl/printerSettings/printerSettings2.bin'
15:53:51.760 [main] DEBUG - Save part 'xl/sharedStrings.xml'
15:53:51.760 [main] DEBUG - Save part 'xl/styles.xml'
15:53:51.760 [main] DEBUG - Save part 'xl/theme/theme1.xml'
15:53:51.760 [main] DEBUG - Save part 'xl/workbook.xml'
15:53:51.763 [main] DEBUG - Save part 'xl/worksheets/sheet1.xml'
15:53:51.765 [main] DEBUG - Save part 'xl/worksheets/sheet2.xml'
15:53:51.767 [main] DEBUG - Save part 'xl/worksheets/sheet3.xml'
16:26:58.406 [main] INFO  - Opening chrome browser...
16:26:58.441 [main] INFO  - Navigating to Where2Go page...
16:27:10.873 [main] INFO  - Verifying Where2Go page...
16:27:11.186 [main] INFO  - Clicking on Trekking Hotspots...
16:27:20.664 [main] INFO  - Verifying Trekking Page...
16:27:20.929 [main] INFO  - Selecting Chennai City...
16:27:22.561 [main] INFO  - Applying Travel Duration to 6 hours...
16:27:25.904 [main] INFO  - Reentering City Name...
16:27:28.891 [main] INFO  - Capturing Trekking Places...
16:27:31.795 [main] DEBUG - Parsing relationship: /xl/_rels/workbook.xml.rels
16:27:31.797 [main] DEBUG - Parsing relationship: /_rels/.rels
16:27:31.947 [main] TRACE - Loading type system org.apache.poi.schemas.ooxml.system.ooxml
16:27:31.949 [main] TRACE - Loading type system org.apache.xmlbeans.metadata.system.sXMLCONFIG
16:27:31.950 [main] TRACE - Loading type system org.apache.xmlbeans.metadata.system.sXMLLANG
16:27:31.950 [main] TRACE - Loading type system org.apache.xmlbeans.metadata.system.sXMLSCHEMA
16:27:31.951 [main] TRACE - Loading type system org.apache.xmlbeans.metadata.system.sXMLTOOLS
16:27:31.951 [main] TRACE - Reading unresolved handles for type system org.apache.xmlbeans.metadata.system.sXMLTOOLS
16:27:31.963 [main] TRACE - Finished loading type system org.apache.xmlbeans.metadata.system.sXMLTOOLS
16:27:31.963 [main] TRACE - Reading unresolved handles for type system org.apache.xmlbeans.metadata.system.sXMLSCHEMA
16:27:31.967 [main] TRACE - Finished loading type system org.apache.xmlbeans.metadata.system.sXMLSCHEMA
16:27:31.968 [main] TRACE - Reading unresolved handles for type system org.apache.xmlbeans.metadata.system.sXMLLANG
16:27:31.969 [main] TRACE - Finished loading type system org.apache.xmlbeans.metadata.system.sXMLLANG
16:27:31.970 [main] TRACE - Reading unresolved handles for type system org.apache.xmlbeans.metadata.system.sXMLCONFIG
16:27:31.970 [main] TRACE - Finished loading type system org.apache.xmlbeans.metadata.system.sXMLCONFIG
16:27:31.971 [main] TRACE - Reading unresolved handles for type system org.apache.poi.schemas.ooxml.system.ooxml
16:27:32.020 [main] TRACE - Finished loading type system org.apache.poi.schemas.ooxml.system.ooxml
16:27:32.021 [main] TRACE - Resolving type for handle themefd26doctype
16:27:32.084 [main] TRACE - Resolving type for handle stylesheet5d8bdoctype
16:27:32.090 [main] TRACE - Resolving type for handle ctstylesheet4257type
16:27:32.095 [main] TRACE - Resolving type for handle ctnumfmtsb58btype
16:27:32.098 [main] TRACE - Resolving type for handle ctfonts6623type
16:27:32.100 [main] TRACE - Resolving type for handle ctfont14d8type
16:27:32.104 [main] TRACE - Resolving type for handle ctfills2c6ftype
16:27:32.106 [main] TRACE - Resolving type for handle ctfill550ctype
16:27:32.108 [main] TRACE - Resolving type for handle ctborders0d66type
16:27:32.110 [main] TRACE - Resolving type for handle ctborderf935type
16:27:32.113 [main] TRACE - Resolving type for handle ctcellxfs1322type
16:27:32.120 [main] TRACE - Resolving type for handle ctxf97f7type
16:27:32.123 [main] TRACE - Resolving type for handle ctcellstylexfsa81ftype
16:27:32.125 [main] TRACE - Resolving type for handle ctdxfsb26atype
16:27:32.128 [main] TRACE - Resolving type for handle cttablestyles872ftype
16:27:32.133 [main] TRACE - Resolving type for handle sstf81fdoctype
16:27:32.138 [main] TRACE - Resolving type for handle ctsst44f3type
16:27:32.161 [main] TRACE - Resolving type for handle ctrsta472type
16:27:32.230 [main] TRACE - Resolving type for handle workbookec17doctype
16:27:32.235 [main] TRACE - Resolving type for handle ctworkbook83c3type
16:27:32.244 [main] TRACE - Resolving type for handle ctsheets49fdtype
16:27:32.247 [main] TRACE - Resolving type for handle ctsheet4dbetype
16:27:32.250 [main] TRACE - Resolving type for handle strelationshipid1e94type
16:27:32.254 [main] TRACE - Resolving type for handle worksheetf539doctype
16:27:32.265 [main] TRACE - Resolving type for handle ctworksheet530dtype
16:27:32.287 [main] TRACE - Resolving type for handle ctcols627ctype
16:27:32.295 [main] TRACE - Resolving type for handle ctcola95ftype
16:27:32.327 [main] TRACE - Resolving type for handle ctsheetdata8408type
16:27:32.332 [main] TRACE - Resolving type for handle ctrowdd39type
16:27:32.341 [main] TRACE - Resolving type for handle ctcell842btype
16:27:32.355 [main] TRACE - Resolving type for handle stcellrefe4e0type
16:27:32.393 [main] TRACE - Resolving type for handle stxstringf179type
16:27:32.416 [main] TRACE - Resolving type for handle stcelltypebf95type
16:27:32.854 [main] TRACE - Resolving type for handle stcellstylexfid70c7type
16:27:32.861 [main] TRACE - Resolving type for handle ctsheetdimensiond310type
16:27:32.865 [main] TRACE - Resolving type for handle stref90a2type
16:27:32.881 [main] TRACE - Resolving type for handle propertiesee84doctype
16:27:32.883 [main] TRACE - Resolving type for handle ctproperties3f10type
16:27:32.893 [main] TRACE - Resolving type for handle properties288cdoctype
16:27:32.896 [main] TRACE - Resolving type for handle ctproperties2c18type
16:27:32.925 [main] DEBUG - Save content types part
16:27:33.000 [main] DEBUG - Save package relationships
16:27:33.003 [main] DEBUG - Save part 'docProps/app.xml'
16:27:33.004 [main] DEBUG - Save part 'docProps/core.xml'
16:27:33.007 [main] DEBUG - Save part 'xl/sharedStrings.xml'
16:27:33.008 [main] DEBUG - Save part 'xl/styles.xml'
16:27:33.008 [main] DEBUG - Save part 'xl/theme/theme1.xml'
16:27:33.009 [main] DEBUG - Save part 'xl/workbook.xml'
16:27:33.010 [main] DEBUG - Save part 'xl/worksheets/sheet1.xml'
16:27:33.011 [main] DEBUG - Save part 'xl/worksheets/sheet2.xml'
16:27:33.241 [main] INFO  - Navigating to HomePage...
16:27:33.747 [main] INFO  - Clicking on Holiday Package...
16:27:34.388 [main] INFO  - Clicking Explore Europe Category...
16:27:35.492 [main] INFO  - Selecting Italy location...
16:27:38.529 [main] INFO  - Verifying Holiday Package Page...
16:27:41.384 [main] INFO  - Closing the popup that appears...
16:27:51.775 [main] INFO  - Choosing All Packages section...
16:27:52.107 [main] INFO  - Scrolling down till all packages are loaded...And capturing them...
16:28:44.942 [main] DEBUG - Parsing relationship: /xl/_rels/workbook.xml.rels
16:28:44.944 [main] DEBUG - Parsing relationship: /_rels/.rels
16:28:48.160 [main] DEBUG - Save content types part
16:28:48.162 [main] DEBUG - Save package relationships
16:28:48.163 [main] DEBUG - Save part 'docProps/app.xml'
16:28:48.164 [main] DEBUG - Save part 'docProps/core.xml'
16:28:48.166 [main] DEBUG - Save part 'xl/sharedStrings.xml'
16:28:48.166 [main] DEBUG - Save part 'xl/styles.xml'
16:28:48.166 [main] DEBUG - Save part 'xl/theme/theme1.xml'
16:28:48.167 [main] DEBUG - Save part 'xl/workbook.xml'
16:28:48.169 [main] DEBUG - Save part 'xl/worksheets/sheet1.xml'
16:28:48.170 [main] DEBUG - Save part 'xl/worksheets/sheet2.xml'
16:28:48.513 [main] INFO  - Navigating to HomePage...
16:29:08.327 [main] INFO  - Opening chrome browser...
16:29:09.691 [main] INFO  - Ad bypassed...
16:29:10.204 [main] INFO  - Navigating to GiftCards Page...
16:29:13.366 [main] INFO  - Selecting Occasions category...
16:29:13.703 [main] INFO  - Navigating to Staycation Giftcard Page...
16:29:15.723 [main] INFO  - Validating GiftCards page...
16:29:15.909 [main] INFO  - Entering amount - 3267 ...
16:29:16.224 [main] INFO  - Selecting Email button...
16:29:16.512 [main] INFO  - Increasing quantity 2 times...
16:29:16.766 [main] INFO  - Selecting Send to different recipients slider button...
16:29:17.098 [main] INFO  - Filling in recipient details - name1 : name2 ...
16:29:17.439 [main] INFO  - Filling in sender details - Vasco Da Gamer : 9876543210 : appleofeden ...
16:29:17.989 [main] INFO  - Validating the displayed details...
16:29:18.201 [main] INFO  - Filling in coupon - FUHREEE ...
16:29:18.518 [main] INFO  - Clicking BuyNow button...
16:29:18.838 [main] INFO  - Validating the error messages...
16:29:18.918 [main] DEBUG - Parsing relationship: /xl/_rels/workbook.xml.rels
16:29:18.919 [main] DEBUG - Parsing relationship: /xl/worksheets/_rels/sheet1.xml.rels
16:29:18.920 [main] DEBUG - Parsing relationship: /xl/worksheets/_rels/sheet2.xml.rels
16:29:18.921 [main] DEBUG - Parsing relationship: /xl/worksheets/_rels/sheet3.xml.rels
16:29:18.923 [main] DEBUG - Parsing relationship: /_rels/.rels
16:29:18.935 [main] DEBUG - using default POIXMLDocumentPart for http://schemas.openxmlformats.org/officeDocument/2006/relationships/printerSettings
16:29:18.937 [main] DEBUG - using default POIXMLDocumentPart for http://schemas.openxmlformats.org/officeDocument/2006/relationships/printerSettings
16:29:18.958 [main] TRACE - Resolving type for handle cthyperlinks6416type
16:29:18.961 [main] TRACE - Resolving type for handle cthyperlink0c85type
16:29:18.979 [main] DEBUG - Save content types part
16:29:18.983 [main] DEBUG - Save package relationships
16:29:18.986 [main] DEBUG - Save part 'docProps/app.xml'
16:29:18.986 [main] DEBUG - Save part 'docProps/core.xml'
16:29:18.989 [main] DEBUG - Save part 'xl/printerSettings/printerSettings1.bin'
16:29:18.990 [main] DEBUG - Save part 'xl/printerSettings/printerSettings2.bin'
16:29:18.990 [main] DEBUG - Save part 'xl/sharedStrings.xml'
16:29:18.990 [main] DEBUG - Save part 'xl/styles.xml'
16:29:18.991 [main] DEBUG - Save part 'xl/theme/theme1.xml'
16:29:18.991 [main] DEBUG - Save part 'xl/workbook.xml'
16:29:18.993 [main] DEBUG - Save part 'xl/worksheets/sheet1.xml'
16:29:18.995 [main] DEBUG - Save part 'xl/worksheets/sheet2.xml'
16:29:18.996 [main] DEBUG - Save part 'xl/worksheets/sheet3.xml'
16:29:34.232 [main] INFO  - Opening chrome browser...
16:29:35.861 [main] INFO  - Ad bypassed...
16:29:36.292 [main] INFO  - Navigating to GiftCards Page...
16:29:41.246 [main] INFO  - Selecting Occasions category...
16:29:41.554 [main] INFO  - Navigating to Staycation Giftcard Page...
16:29:44.936 [main] INFO  - Validating GiftCards page...
16:29:45.180 [main] INFO  - Entering amount - 20000 ...
16:29:45.569 [main] INFO  - Selecting Email button...
16:29:45.904 [main] INFO  - Increasing quantity 2 times...
16:29:46.225 [main] INFO  - Selecting Send to different recipients slider button...
16:29:46.603 [main] INFO  - Filling in recipient details - 987 : 345 ...
16:29:47.085 [main] INFO  - Filling in sender details - PolkaMan : 3242 : 123nji ...
16:29:47.608 [main] INFO  - Validating the displayed details...
16:29:47.827 [main] INFO  - Filling in coupon - polkapolka ...
16:29:48.136 [main] INFO  - Clicking BuyNow button...
16:29:48.399 [main] INFO  - Validating the error messages...
16:29:48.470 [main] DEBUG - Parsing relationship: /xl/_rels/workbook.xml.rels
16:29:48.471 [main] DEBUG - Parsing relationship: /xl/worksheets/_rels/sheet1.xml.rels
16:29:48.471 [main] DEBUG - Parsing relationship: /xl/worksheets/_rels/sheet2.xml.rels
16:29:48.471 [main] DEBUG - Parsing relationship: /xl/worksheets/_rels/sheet3.xml.rels
16:29:48.471 [main] DEBUG - Parsing relationship: /_rels/.rels
16:29:48.476 [main] DEBUG - using default POIXMLDocumentPart for http://schemas.openxmlformats.org/officeDocument/2006/relationships/printerSettings
16:29:48.476 [main] DEBUG - using default POIXMLDocumentPart for http://schemas.openxmlformats.org/officeDocument/2006/relationships/printerSettings
16:29:48.493 [main] DEBUG - Save content types part
16:29:48.494 [main] DEBUG - Save package relationships
16:29:48.495 [main] DEBUG - Save part 'docProps/app.xml'
16:29:48.495 [main] DEBUG - Save part 'docProps/core.xml'
16:29:48.496 [main] DEBUG - Save part 'xl/printerSettings/printerSettings1.bin'
16:29:48.496 [main] DEBUG - Save part 'xl/printerSettings/printerSettings2.bin'
16:29:48.497 [main] DEBUG - Save part 'xl/sharedStrings.xml'
16:29:48.497 [main] DEBUG - Save part 'xl/styles.xml'
16:29:48.497 [main] DEBUG - Save part 'xl/theme/theme1.xml'
16:29:48.497 [main] DEBUG - Save part 'xl/workbook.xml'
16:29:48.498 [main] DEBUG - Save part 'xl/worksheets/sheet1.xml'
16:29:48.499 [main] DEBUG - Save part 'xl/worksheets/sheet2.xml'
16:29:48.500 [main] DEBUG - Save part 'xl/worksheets/sheet3.xml'
16:30:01.483 [main] INFO  - Opening chrome browser...
16:30:02.854 [main] INFO  - Ad bypassed...
16:30:03.256 [main] INFO  - Navigating to GiftCards Page...
16:30:07.843 [main] INFO  - Selecting Occasions category...
16:30:08.168 [main] INFO  - Navigating to Staycation Giftcard Page...
16:30:10.716 [main] INFO  - Validating GiftCards page...
16:30:10.938 [main] INFO  - Entering amount - 5520 ...
16:30:11.330 [main] INFO  - Selecting Email button...
16:30:11.709 [main] INFO  - Increasing quantity 2 times...
16:30:12.169 [main] INFO  - Selecting Send to different recipients slider button...
16:30:12.717 [main] INFO  - Filling in recipient details - guy1 : guy2 ...
16:30:13.235 [main] INFO  - Filling in sender details - Jack Sparrow : 9753186420 : iladamuerte ...
16:30:14.127 [main] INFO  - Validating the displayed details...
16:30:14.379 [main] INFO  - Filling in coupon - KRAKEN ...
16:30:14.785 [main] INFO  - Clicking BuyNow button...
16:30:15.283 [main] INFO  - Validating the error messages...
16:30:15.433 [main] DEBUG - Parsing relationship: /xl/_rels/workbook.xml.rels
16:30:15.434 [main] DEBUG - Parsing relationship: /xl/worksheets/_rels/sheet1.xml.rels
16:30:15.435 [main] DEBUG - Parsing relationship: /xl/worksheets/_rels/sheet2.xml.rels
16:30:15.435 [main] DEBUG - Parsing relationship: /xl/worksheets/_rels/sheet3.xml.rels
16:30:15.436 [main] DEBUG - Parsing relationship: /_rels/.rels
16:30:15.446 [main] DEBUG - using default POIXMLDocumentPart for http://schemas.openxmlformats.org/officeDocument/2006/relationships/printerSettings
16:30:15.446 [main] DEBUG - using default POIXMLDocumentPart for http://schemas.openxmlformats.org/officeDocument/2006/relationships/printerSettings
16:30:15.468 [main] DEBUG - Save content types part
16:30:15.469 [main] DEBUG - Save package relationships
16:30:15.470 [main] DEBUG - Save part 'docProps/app.xml'
16:30:15.471 [main] DEBUG - Save part 'docProps/core.xml'
16:30:15.474 [main] DEBUG - Save part 'xl/printerSettings/printerSettings1.bin'
16:30:15.474 [main] DEBUG - Save part 'xl/printerSettings/printerSettings2.bin'
16:30:15.475 [main] DEBUG - Save part 'xl/sharedStrings.xml'
16:30:15.475 [main] DEBUG - Save part 'xl/styles.xml'
16:30:15.475 [main] DEBUG - Save part 'xl/theme/theme1.xml'
16:30:15.476 [main] DEBUG - Save part 'xl/workbook.xml'
16:30:15.479 [main] DEBUG - Save part 'xl/worksheets/sheet1.xml'
16:30:15.480 [main] DEBUG - Save part 'xl/worksheets/sheet2.xml'
16:30:15.482 [main] DEBUG - Save part 'xl/worksheets/sheet3.xml'
16:30:25.334 [main] INFO  - Opening chrome browser...
16:30:45.399 [main] INFO  - Ad not displayed...Moving forward...
16:30:45.594 [main] INFO  - Navigating to GiftCards Page...
16:30:50.900 [main] INFO  - Selecting Occasions category...
16:30:51.236 [main] INFO  - Navigating to Staycation Giftcard Page...
16:30:54.835 [main] INFO  - Validating GiftCards page...
16:30:55.025 [main] INFO  - Entering amount - 2000 ...
16:30:55.328 [main] INFO  - Selecting Email button...
16:30:55.607 [main] INFO  - Increasing quantity 2 times...
16:30:55.890 [main] INFO  - Selecting Send to different recipients slider button...
16:30:56.174 [main] INFO  - Filling in recipient details - name1@gmail.com : name2@gmail.com ...
16:30:56.577 [main] INFO  - Filling in sender details - Vasco Da Gamer : 9876543210 : appleofeden@gmail.com ...
16:30:57.067 [main] INFO  - Validating the displayed details...
16:30:57.267 [main] INFO  - Clicking BuyNow button...
16:30:57.551 [main] INFO  - Validating Payment Page...
16:31:02.398 [main] DEBUG - Parsing relationship: /xl/_rels/workbook.xml.rels
16:31:02.398 [main] DEBUG - Parsing relationship: /xl/worksheets/_rels/sheet1.xml.rels
16:31:02.398 [main] DEBUG - Parsing relationship: /xl/worksheets/_rels/sheet2.xml.rels
16:31:02.399 [main] DEBUG - Parsing relationship: /xl/worksheets/_rels/sheet3.xml.rels
16:31:02.399 [main] DEBUG - Parsing relationship: /_rels/.rels
16:31:02.404 [main] DEBUG - using default POIXMLDocumentPart for http://schemas.openxmlformats.org/officeDocument/2006/relationships/printerSettings
16:31:02.404 [main] DEBUG - using default POIXMLDocumentPart for http://schemas.openxmlformats.org/officeDocument/2006/relationships/printerSettings
16:31:02.421 [main] DEBUG - Save content types part
16:31:02.422 [main] DEBUG - Save package relationships
16:31:02.423 [main] DEBUG - Save part 'docProps/app.xml'
16:31:02.424 [main] DEBUG - Save part 'docProps/core.xml'
16:31:02.424 [main] DEBUG - Save part 'xl/printerSettings/printerSettings1.bin'
16:31:02.425 [main] DEBUG - Save part 'xl/printerSettings/printerSettings2.bin'
16:31:02.426 [main] DEBUG - Save part 'xl/sharedStrings.xml'
16:31:02.426 [main] DEBUG - Save part 'xl/styles.xml'
16:31:02.427 [main] DEBUG - Save part 'xl/theme/theme1.xml'
16:31:02.427 [main] DEBUG - Save part 'xl/workbook.xml'
16:31:02.429 [main] DEBUG - Save part 'xl/worksheets/sheet1.xml'
16:31:02.430 [main] DEBUG - Save part 'xl/worksheets/sheet2.xml'
16:31:02.431 [main] DEBUG - Save part 'xl/worksheets/sheet3.xml'
16:31:16.005 [main] INFO  - Opening chrome browser...
16:31:17.856 [main] INFO  - Ad bypassed...
16:31:18.235 [main] INFO  - Navigating to Cabs Page...
16:31:19.484 [main] INFO  - Filling in from and to locations- Delhi : Manali, Himachal Pradesh, India ...
16:31:23.349 [main] INFO  - Selecting departure - 23 and time - 6:30:PM details...
16:31:28.391 [main] INFO  - Clicking Search...
16:31:30.436 [main] INFO  - Selecting filter - SUV...
16:31:32.695 [main] INFO  - Capturing cab details with lowest charges...
16:31:32.733 [main] DEBUG - Parsing relationship: /xl/_rels/workbook.xml.rels
16:31:32.733 [main] DEBUG - Parsing relationship: /xl/worksheets/_rels/sheet1.xml.rels
16:31:32.734 [main] DEBUG - Parsing relationship: /xl/worksheets/_rels/sheet2.xml.rels
16:31:32.734 [main] DEBUG - Parsing relationship: /xl/worksheets/_rels/sheet3.xml.rels
16:31:32.734 [main] DEBUG - Parsing relationship: /_rels/.rels
16:31:32.738 [main] DEBUG - using default POIXMLDocumentPart for http://schemas.openxmlformats.org/officeDocument/2006/relationships/printerSettings
16:31:32.739 [main] DEBUG - using default POIXMLDocumentPart for http://schemas.openxmlformats.org/officeDocument/2006/relationships/printerSettings
16:31:32.796 [main] DEBUG - Save content types part
16:31:32.798 [main] DEBUG - Save package relationships
16:31:32.800 [main] DEBUG - Save part 'docProps/app.xml'
16:31:32.800 [main] DEBUG - Save part 'docProps/core.xml'
16:31:32.802 [main] DEBUG - Save part 'xl/printerSettings/printerSettings1.bin'
16:31:32.802 [main] DEBUG - Save part 'xl/printerSettings/printerSettings2.bin'
16:31:32.803 [main] DEBUG - Save part 'xl/sharedStrings.xml'
16:31:32.803 [main] DEBUG - Save part 'xl/styles.xml'
16:31:32.803 [main] DEBUG - Save part 'xl/theme/theme1.xml'
16:31:32.804 [main] DEBUG - Save part 'xl/workbook.xml'
16:31:32.805 [main] DEBUG - Save part 'xl/worksheets/sheet1.xml'
16:31:32.806 [main] DEBUG - Save part 'xl/worksheets/sheet2.xml'
16:31:32.808 [main] DEBUG - Save part 'xl/worksheets/sheet3.xml'
16:31:48.704 [main] INFO  - Opening chrome browser...
16:31:49.768 [main] INFO  - Ad bypassed...
16:31:50.238 [main] INFO  - Navigating to Cabs Page...
16:31:51.478 [main] INFO  - Filling in from and to locations- Hyderabad : Hosur, Tamil Nadu, India ...
16:31:55.497 [main] INFO  - Selecting departure - 15 and time - 7:40:AM details...
16:32:00.506 [main] INFO  - Clicking Search...
16:32:07.617 [main] INFO  - Selecting filter - SEDAN...
16:32:09.665 [main] INFO  - Capturing cab details with lowest charges...
16:32:09.745 [main] DEBUG - Parsing relationship: /xl/_rels/workbook.xml.rels
16:32:09.746 [main] DEBUG - Parsing relationship: /xl/worksheets/_rels/sheet1.xml.rels
16:32:09.747 [main] DEBUG - Parsing relationship: /xl/worksheets/_rels/sheet2.xml.rels
16:32:09.747 [main] DEBUG - Parsing relationship: /xl/worksheets/_rels/sheet3.xml.rels
16:32:09.748 [main] DEBUG - Parsing relationship: /_rels/.rels
16:32:09.760 [main] DEBUG - using default POIXMLDocumentPart for http://schemas.openxmlformats.org/officeDocument/2006/relationships/printerSettings
16:32:09.761 [main] DEBUG - using default POIXMLDocumentPart for http://schemas.openxmlformats.org/officeDocument/2006/relationships/printerSettings
16:32:09.893 [main] DEBUG - Save content types part
16:32:09.896 [main] DEBUG - Save package relationships
16:32:09.898 [main] DEBUG - Save part 'docProps/app.xml'
16:32:09.899 [main] DEBUG - Save part 'docProps/core.xml'
16:32:09.902 [main] DEBUG - Save part 'xl/printerSettings/printerSettings1.bin'
16:32:09.902 [main] DEBUG - Save part 'xl/printerSettings/printerSettings2.bin'
16:32:09.903 [main] DEBUG - Save part 'xl/sharedStrings.xml'
16:32:09.904 [main] DEBUG - Save part 'xl/styles.xml'
16:32:09.905 [main] DEBUG - Save part 'xl/theme/theme1.xml'
16:32:09.906 [main] DEBUG - Save part 'xl/workbook.xml'
16:32:09.911 [main] DEBUG - Save part 'xl/worksheets/sheet1.xml'
16:32:09.915 [main] DEBUG - Save part 'xl/worksheets/sheet2.xml'
16:32:09.918 [main] DEBUG - Save part 'xl/worksheets/sheet3.xml'
16:40:01.602 [main] INFO  - Opening chrome browser...
16:40:01.632 [main] INFO  - Navigating to Where2Go page...
16:40:17.730 [main] INFO  - Verifying Where2Go page...
16:40:17.961 [main] INFO  - Clicking on Trekking Hotspots...
16:40:32.640 [main] INFO  - Verifying Trekking Page...
16:40:32.902 [main] INFO  - Selecting Chennai City...
16:40:35.336 [main] INFO  - Applying Travel Duration to 6 hours...
16:40:38.520 [main] INFO  - Reentering City Name...
16:40:41.014 [main] INFO  - Capturing Trekking Places...
16:40:44.055 [main] DEBUG - Parsing relationship: /xl/_rels/workbook.xml.rels
16:40:44.059 [main] DEBUG - Parsing relationship: /_rels/.rels
16:40:44.337 [main] TRACE - Loading type system org.apache.poi.schemas.ooxml.system.ooxml
16:40:44.341 [main] TRACE - Loading type system org.apache.xmlbeans.metadata.system.sXMLCONFIG
16:40:44.342 [main] TRACE - Loading type system org.apache.xmlbeans.metadata.system.sXMLLANG
16:40:44.343 [main] TRACE - Loading type system org.apache.xmlbeans.metadata.system.sXMLSCHEMA
16:40:44.343 [main] TRACE - Loading type system org.apache.xmlbeans.metadata.system.sXMLTOOLS
16:40:44.345 [main] TRACE - Reading unresolved handles for type system org.apache.xmlbeans.metadata.system.sXMLTOOLS
16:40:44.359 [main] TRACE - Finished loading type system org.apache.xmlbeans.metadata.system.sXMLTOOLS
16:40:44.359 [main] TRACE - Reading unresolved handles for type system org.apache.xmlbeans.metadata.system.sXMLSCHEMA
16:40:44.363 [main] TRACE - Finished loading type system org.apache.xmlbeans.metadata.system.sXMLSCHEMA
16:40:44.364 [main] TRACE - Reading unresolved handles for type system org.apache.xmlbeans.metadata.system.sXMLLANG
16:40:44.365 [main] TRACE - Finished loading type system org.apache.xmlbeans.metadata.system.sXMLLANG
16:40:44.366 [main] TRACE - Reading unresolved handles for type system org.apache.xmlbeans.metadata.system.sXMLCONFIG
16:40:44.366 [main] TRACE - Finished loading type system org.apache.xmlbeans.metadata.system.sXMLCONFIG
16:40:44.367 [main] TRACE - Reading unresolved handles for type system org.apache.poi.schemas.ooxml.system.ooxml
16:40:44.430 [main] TRACE - Finished loading type system org.apache.poi.schemas.ooxml.system.ooxml
16:40:44.431 [main] TRACE - Resolving type for handle themefd26doctype
16:40:44.512 [main] TRACE - Resolving type for handle stylesheet5d8bdoctype
16:40:44.518 [main] TRACE - Resolving type for handle ctstylesheet4257type
16:40:44.526 [main] TRACE - Resolving type for handle ctnumfmtsb58btype
16:40:44.532 [main] TRACE - Resolving type for handle ctfonts6623type
16:40:44.536 [main] TRACE - Resolving type for handle ctfont14d8type
16:40:44.542 [main] TRACE - Resolving type for handle ctfills2c6ftype
16:40:44.545 [main] TRACE - Resolving type for handle ctfill550ctype
16:40:44.548 [main] TRACE - Resolving type for handle ctborders0d66type
16:40:44.553 [main] TRACE - Resolving type for handle ctborderf935type
16:40:44.562 [main] TRACE - Resolving type for handle ctcellxfs1322type
16:40:44.568 [main] TRACE - Resolving type for handle ctxf97f7type
16:40:44.572 [main] TRACE - Resolving type for handle ctcellstylexfsa81ftype
16:40:44.578 [main] TRACE - Resolving type for handle ctdxfsb26atype
16:40:44.583 [main] TRACE - Resolving type for handle cttablestyles872ftype
16:40:44.589 [main] TRACE - Resolving type for handle sstf81fdoctype
16:40:44.598 [main] TRACE - Resolving type for handle ctsst44f3type
16:40:44.618 [main] TRACE - Resolving type for handle ctrsta472type
16:40:44.692 [main] TRACE - Resolving type for handle workbookec17doctype
16:40:44.701 [main] TRACE - Resolving type for handle ctworkbook83c3type
16:40:44.710 [main] TRACE - Resolving type for handle ctsheets49fdtype
16:40:44.717 [main] TRACE - Resolving type for handle ctsheet4dbetype
16:40:44.722 [main] TRACE - Resolving type for handle strelationshipid1e94type
16:40:44.728 [main] TRACE - Resolving type for handle worksheetf539doctype
16:40:44.737 [main] TRACE - Resolving type for handle ctworksheet530dtype
16:40:44.759 [main] TRACE - Resolving type for handle ctcols627ctype
16:40:44.767 [main] TRACE - Resolving type for handle ctcola95ftype
16:40:44.805 [main] TRACE - Resolving type for handle ctsheetdata8408type
16:40:44.814 [main] TRACE - Resolving type for handle ctrowdd39type
16:40:44.835 [main] TRACE - Resolving type for handle ctcell842btype
16:40:44.854 [main] TRACE - Resolving type for handle stcellrefe4e0type
16:40:44.899 [main] TRACE - Resolving type for handle stxstringf179type
16:40:44.924 [main] TRACE - Resolving type for handle stcelltypebf95type
16:40:45.379 [main] TRACE - Resolving type for handle stcellstylexfid70c7type
16:40:45.385 [main] TRACE - Resolving type for handle ctsheetdimensiond310type
16:40:45.387 [main] TRACE - Resolving type for handle stref90a2type
16:40:45.406 [main] TRACE - Resolving type for handle propertiesee84doctype
16:40:45.410 [main] TRACE - Resolving type for handle ctproperties3f10type
16:40:45.425 [main] TRACE - Resolving type for handle properties288cdoctype
16:40:45.427 [main] TRACE - Resolving type for handle ctproperties2c18type
16:40:45.442 [main] DEBUG - Save content types part
16:40:45.542 [main] DEBUG - Save package relationships
16:40:45.549 [main] DEBUG - Save part 'docProps/app.xml'
16:40:45.550 [main] DEBUG - Save part 'docProps/core.xml'
16:40:45.555 [main] DEBUG - Save part 'xl/sharedStrings.xml'
16:40:45.555 [main] DEBUG - Save part 'xl/styles.xml'
16:40:45.556 [main] DEBUG - Save part 'xl/theme/theme1.xml'
16:40:45.556 [main] DEBUG - Save part 'xl/workbook.xml'
16:40:45.558 [main] DEBUG - Save part 'xl/worksheets/sheet1.xml'
16:40:45.559 [main] DEBUG - Save part 'xl/worksheets/sheet2.xml'
16:40:45.836 [main] INFO  - Navigating to HomePage...
16:40:46.243 [main] INFO  - Clicking on Holiday Package...
16:40:46.761 [main] INFO  - Clicking Explore Europe Category...
16:40:48.079 [main] INFO  - Selecting Italy location...
16:40:51.196 [main] INFO  - Verifying Holiday Package Page...
16:40:53.982 [main] INFO  - Closing the popup that appears...
16:41:04.383 [main] INFO  - Choosing All Packages section...
16:41:04.775 [main] INFO  - Scrolling down till all packages are loaded...And capturing them...
16:41:57.713 [main] DEBUG - Parsing relationship: /xl/_rels/workbook.xml.rels
16:41:57.714 [main] DEBUG - Parsing relationship: /_rels/.rels
16:42:00.629 [main] DEBUG - Save content types part
16:42:00.630 [main] DEBUG - Save package relationships
16:42:00.632 [main] DEBUG - Save part 'docProps/app.xml'
16:42:00.632 [main] DEBUG - Save part 'docProps/core.xml'
16:42:00.634 [main] DEBUG - Save part 'xl/sharedStrings.xml'
16:42:00.635 [main] DEBUG - Save part 'xl/styles.xml'
16:42:00.635 [main] DEBUG - Save part 'xl/theme/theme1.xml'
16:42:00.636 [main] DEBUG - Save part 'xl/workbook.xml'
16:42:00.639 [main] DEBUG - Save part 'xl/worksheets/sheet1.xml'
16:42:00.640 [main] DEBUG - Save part 'xl/worksheets/sheet2.xml'
16:42:00.932 [main] INFO  - Navigating to HomePage...
16:42:17.862 [main] INFO  - Opening chrome browser...
16:42:19.692 [main] INFO  - Ad bypassed...
16:42:20.142 [main] INFO  - Navigating to GiftCards Page...
16:42:24.202 [main] INFO  - Selecting Occasions category...
16:42:24.496 [main] INFO  - Navigating to Staycation Giftcard Page...
16:42:24.707 [main] INFO  - Validating GiftCards page...
16:42:24.833 [main] INFO  - Entering amount - 3267 ...
16:42:26.099 [main] INFO  - Selecting Email button...
16:42:26.382 [main] INFO  - Increasing quantity 2 times...
16:42:26.638 [main] INFO  - Selecting Send to different recipients slider button...
16:42:26.950 [main] INFO  - Filling in recipient details - name1 : name2 ...
16:42:27.295 [main] INFO  - Filling in sender details - Vasco Da Gamer : 9876543210 : appleofeden ...
16:42:27.747 [main] INFO  - Validating the displayed details...
16:42:27.937 [main] INFO  - Filling in coupon - FUHREEE ...
16:42:28.272 [main] INFO  - Clicking BuyNow button...
16:42:28.581 [main] INFO  - Validating the error messages...
16:42:28.668 [main] DEBUG - Parsing relationship: /xl/_rels/workbook.xml.rels
16:42:28.671 [main] DEBUG - Parsing relationship: /xl/worksheets/_rels/sheet1.xml.rels
16:42:28.672 [main] DEBUG - Parsing relationship: /xl/worksheets/_rels/sheet2.xml.rels
16:42:28.673 [main] DEBUG - Parsing relationship: /xl/worksheets/_rels/sheet3.xml.rels
16:42:28.674 [main] DEBUG - Parsing relationship: /_rels/.rels
16:42:28.682 [main] DEBUG - using default POIXMLDocumentPart for http://schemas.openxmlformats.org/officeDocument/2006/relationships/printerSettings
16:42:28.682 [main] DEBUG - using default POIXMLDocumentPart for http://schemas.openxmlformats.org/officeDocument/2006/relationships/printerSettings
16:42:28.707 [main] TRACE - Resolving type for handle cthyperlinks6416type
16:42:28.712 [main] TRACE - Resolving type for handle cthyperlink0c85type
16:42:28.730 [main] DEBUG - Save content types part
16:42:28.732 [main] DEBUG - Save package relationships
16:42:28.733 [main] DEBUG - Save part 'docProps/app.xml'
16:42:28.733 [main] DEBUG - Save part 'docProps/core.xml'
16:42:28.736 [main] DEBUG - Save part 'xl/printerSettings/printerSettings1.bin'
16:42:28.738 [main] DEBUG - Save part 'xl/printerSettings/printerSettings2.bin'
16:42:28.738 [main] DEBUG - Save part 'xl/sharedStrings.xml'
16:42:28.739 [main] DEBUG - Save part 'xl/styles.xml'
16:42:28.739 [main] DEBUG - Save part 'xl/theme/theme1.xml'
16:42:28.740 [main] DEBUG - Save part 'xl/workbook.xml'
16:42:28.743 [main] DEBUG - Save part 'xl/worksheets/sheet1.xml'
16:42:28.744 [main] DEBUG - Save part 'xl/worksheets/sheet2.xml'
16:42:28.745 [main] DEBUG - Save part 'xl/worksheets/sheet3.xml'
16:42:38.876 [main] INFO  - Opening chrome browser...
16:42:58.955 [main] INFO  - Ad not displayed...Moving forward...
16:42:59.275 [main] INFO  - Navigating to GiftCards Page...
16:43:02.066 [main] INFO  - Selecting Occasions category...
16:43:02.710 [main] INFO  - Navigating to Staycation Giftcard Page...
16:43:02.949 [main] INFO  - Validating GiftCards page...
16:43:03.136 [main] INFO  - Entering amount - 20000 ...
16:43:03.901 [main] INFO  - Selecting Email button...
16:43:04.200 [main] INFO  - Increasing quantity 2 times...
16:43:04.484 [main] INFO  - Selecting Send to different recipients slider button...
16:43:04.797 [main] INFO  - Filling in recipient details - 987 : 345 ...
16:43:05.163 [main] INFO  - Filling in sender details - PolkaMan : 3242 : 123nji ...
16:43:05.666 [main] INFO  - Validating the displayed details...
16:43:05.918 [main] INFO  - Filling in coupon - polkapolka ...
16:43:06.278 [main] INFO  - Clicking BuyNow button...
16:43:06.583 [main] INFO  - Validating the error messages...
16:43:06.665 [main] DEBUG - Parsing relationship: /xl/_rels/workbook.xml.rels
16:43:06.666 [main] DEBUG - Parsing relationship: /xl/worksheets/_rels/sheet1.xml.rels
16:43:06.666 [main] DEBUG - Parsing relationship: /xl/worksheets/_rels/sheet2.xml.rels
16:43:06.666 [main] DEBUG - Parsing relationship: /xl/worksheets/_rels/sheet3.xml.rels
16:43:06.667 [main] DEBUG - Parsing relationship: /_rels/.rels
16:43:06.673 [main] DEBUG - using default POIXMLDocumentPart for http://schemas.openxmlformats.org/officeDocument/2006/relationships/printerSettings
16:43:06.673 [main] DEBUG - using default POIXMLDocumentPart for http://schemas.openxmlformats.org/officeDocument/2006/relationships/printerSettings
16:43:06.691 [main] DEBUG - Save content types part
16:43:06.693 [main] DEBUG - Save package relationships
16:43:06.695 [main] DEBUG - Save part 'docProps/app.xml'
16:43:06.695 [main] DEBUG - Save part 'docProps/core.xml'
16:43:06.696 [main] DEBUG - Save part 'xl/printerSettings/printerSettings1.bin'
16:43:06.696 [main] DEBUG - Save part 'xl/printerSettings/printerSettings2.bin'
16:43:06.696 [main] DEBUG - Save part 'xl/sharedStrings.xml'
16:43:06.696 [main] DEBUG - Save part 'xl/styles.xml'
16:43:06.696 [main] DEBUG - Save part 'xl/theme/theme1.xml'
16:43:06.697 [main] DEBUG - Save part 'xl/workbook.xml'
16:43:06.698 [main] DEBUG - Save part 'xl/worksheets/sheet1.xml'
