16:43:06.700 [main] DEBUG - Save part 'xl/worksheets/sheet2.xml'
16:43:06.708 [main] DEBUG - Save part 'xl/worksheets/sheet3.xml'
16:43:16.504 [main] INFO  - Opening chrome browser...
16:43:36.586 [main] INFO  - Ad not displayed...Moving forward...
16:43:36.888 [main] INFO  - Navigating to GiftCards Page...
16:43:39.412 [main] INFO  - Selecting Occasions category...
16:43:39.773 [main] INFO  - Navigating to Staycation Giftcard Page...
16:43:39.991 [main] INFO  - Validating GiftCards page...
16:43:40.151 [main] INFO  - Entering amount - 5520 ...
16:43:40.940 [main] INFO  - Selecting Email button...
16:43:41.234 [main] INFO  - Increasing quantity 2 times...
16:43:41.515 [main] INFO  - Selecting Send to different recipients slider button...
16:43:41.852 [main] INFO  - Filling in recipient details - guy1 : guy2 ...
16:43:42.272 [main] INFO  - Filling in sender details - Jack Sparrow : 9753186420 : iladamuerte ...
16:43:42.803 [main] INFO  - Validating the displayed details...
16:43:43.023 [main] INFO  - Filling in coupon - KRAKEN ...
16:43:43.370 [main] INFO  - Clicking BuyNow button...
16:43:43.726 [main] INFO  - Validating the error messages...
16:43:43.818 [main] DEBUG - Parsing relationship: /xl/_rels/workbook.xml.rels
16:43:43.819 [main] DEBUG - Parsing relationship: /xl/worksheets/_rels/sheet1.xml.rels
16:43:43.820 [main] DEBUG - Parsing relationship: /xl/worksheets/_rels/sheet2.xml.rels
16:43:43.821 [main] DEBUG - Parsing relationship: /xl/worksheets/_rels/sheet3.xml.rels
16:43:43.822 [main] DEBUG - Parsing relationship: /_rels/.rels
16:43:43.829 [main] DEBUG - using default POIXMLDocumentPart for http://schemas.openxmlformats.org/officeDocument/2006/relationships/printerSettings
16:43:43.829 [main] DEBUG - using default POIXMLDocumentPart for http://schemas.openxmlformats.org/officeDocument/2006/relationships/printerSettings
16:43:43.848 [main] DEBUG - Save content types part
16:43:43.852 [main] DEBUG - Save package relationships
16:43:43.854 [main] DEBUG - Save part 'docProps/app.xml'
16:43:43.855 [main] DEBUG - Save part 'docProps/core.xml'
16:43:43.856 [main] DEBUG - Save part 'xl/printerSettings/printerSettings1.bin'
16:43:43.856 [main] DEBUG - Save part 'xl/printerSettings/printerSettings2.bin'
16:43:43.856 [main] DEBUG - Save part 'xl/sharedStrings.xml'
16:43:43.857 [main] DEBUG - Save part 'xl/styles.xml'
16:43:43.857 [main] DEBUG - Save part 'xl/theme/theme1.xml'
16:43:43.857 [main] DEBUG - Save part 'xl/workbook.xml'
16:43:43.858 [main] DEBUG - Save part 'xl/worksheets/sheet1.xml'
16:43:43.859 [main] DEBUG - Save part 'xl/worksheets/sheet2.xml'
16:43:43.860 [main] DEBUG - Save part 'xl/worksheets/sheet3.xml'
16:43:56.307 [main] INFO  - Opening chrome browser...
16:43:57.714 [main] INFO  - Ad bypassed...
16:43:58.380 [main] INFO  - Navigating to GiftCards Page...
16:44:01.495 [main] INFO  - Selecting Occasions category...
16:44:01.906 [main] INFO  - Navigating to Staycation Giftcard Page...
16:44:02.277 [main] INFO  - Validating GiftCards page...
16:44:02.517 [main] INFO  - Entering amount - 2000 ...
16:44:03.639 [main] INFO  - Selecting Email button...
16:44:04.011 [main] INFO  - Increasing quantity 2 times...
16:44:04.340 [main] INFO  - Selecting Send to different recipients slider button...
16:44:04.857 [main] INFO  - Filling in recipient details - name1@gmail.com : name2@gmail.com ...
16:44:05.428 [main] INFO  - Filling in sender details - Vasco Da Gamer : 9876543210 : appleofeden@gmail.com ...
16:44:06.129 [main] INFO  - Validating the displayed details...
16:44:06.410 [main] INFO  - Clicking BuyNow button...
16:44:06.767 [main] INFO  - Validating Payment Page...
16:44:10.806 [main] DEBUG - Parsing relationship: /xl/_rels/workbook.xml.rels
16:44:10.806 [main] DEBUG - Parsing relationship: /xl/worksheets/_rels/sheet1.xml.rels
16:44:10.807 [main] DEBUG - Parsing relationship: /xl/worksheets/_rels/sheet2.xml.rels
16:44:10.807 [main] DEBUG - Parsing relationship: /xl/worksheets/_rels/sheet3.xml.rels
16:44:10.807 [main] DEBUG - Parsing relationship: /_rels/.rels
16:44:10.811 [main] DEBUG - using default POIXMLDocumentPart for http://schemas.openxmlformats.org/officeDocument/2006/relationships/printerSettings
16:44:10.811 [main] DEBUG - using default POIXMLDocumentPart for http://schemas.openxmlformats.org/officeDocument/2006/relationships/printerSettings
16:44:10.834 [main] DEBUG - Save content types part
16:44:10.835 [main] DEBUG - Save package relationships
16:44:10.836 [main] DEBUG - Save part 'docProps/app.xml'
16:44:10.837 [main] DEBUG - Save part 'docProps/core.xml'
16:44:10.837 [main] DEBUG - Save part 'xl/printerSettings/printerSettings1.bin'
16:44:10.838 [main] DEBUG - Save part 'xl/printerSettings/printerSettings2.bin'
16:44:10.838 [main] DEBUG - Save part 'xl/sharedStrings.xml'
16:44:10.838 [main] DEBUG - Save part 'xl/styles.xml'
16:44:10.838 [main] DEBUG - Save part 'xl/theme/theme1.xml'
16:44:10.838 [main] DEBUG - Save part 'xl/workbook.xml'
16:44:10.840 [main] DEBUG - Save part 'xl/worksheets/sheet1.xml'
16:44:10.840 [main] DEBUG - Save part 'xl/worksheets/sheet2.xml'
16:44:10.841 [main] DEBUG - Save part 'xl/worksheets/sheet3.xml'
16:44:21.397 [main] INFO  - Opening chrome browser...
16:44:41.489 [main] INFO  - Ad not displayed...Moving forward...
16:44:41.962 [main] INFO  - Navigating to Cabs Page...
16:44:42.529 [main] INFO  - Filling in from and to locations- Delhi : Manali, Himachal Pradesh, India ...
16:44:46.527 [main] INFO  - Selecting departure - 23 and time - 6:30:PM details...
16:44:51.551 [main] INFO  - Clicking Search...
16:44:53.807 [main] INFO  - Selecting filter - SUV...
16:44:55.658 [main] INFO  - Capturing cab details with lowest charges...
16:44:55.697 [main] DEBUG - Parsing relationship: /xl/_rels/workbook.xml.rels
16:44:55.698 [main] DEBUG - Parsing relationship: /xl/worksheets/_rels/sheet1.xml.rels
16:44:55.698 [main] DEBUG - Parsing relationship: /xl/worksheets/_rels/sheet2.xml.rels
16:44:55.698 [main] DEBUG - Parsing relationship: /xl/worksheets/_rels/sheet3.xml.rels
16:44:55.698 [main] DEBUG - Parsing relationship: /_rels/.rels
16:44:55.703 [main] DEBUG - using default POIXMLDocumentPart for http://schemas.openxmlformats.org/officeDocument/2006/relationships/printerSettings
16:44:55.703 [main] DEBUG - using default POIXMLDocumentPart for http://schemas.openxmlformats.org/officeDocument/2006/relationships/printerSettings
16:44:55.765 [main] DEBUG - Save content types part
16:44:55.766 [main] DEBUG - Save package relationships
16:44:55.767 [main] DEBUG - Save part 'docProps/app.xml'
16:44:55.767 [main] DEBUG - Save part 'docProps/core.xml'
16:44:55.767 [main] DEBUG - Save part 'xl/printerSettings/printerSettings1.bin'
16:44:55.768 [main] DEBUG - Save part 'xl/printerSettings/printerSettings2.bin'
16:44:55.768 [main] DEBUG - Save part 'xl/sharedStrings.xml'
16:44:55.768 [main] DEBUG - Save part 'xl/styles.xml'
16:44:55.768 [main] DEBUG - Save part 'xl/theme/theme1.xml'
16:44:55.768 [main] DEBUG - Save part 'xl/workbook.xml'
16:44:55.769 [main] DEBUG - Save part 'xl/worksheets/sheet1.xml'
16:44:55.770 [main] DEBUG - Save part 'xl/worksheets/sheet2.xml'
16:44:55.771 [main] DEBUG - Save part 'xl/worksheets/sheet3.xml'
16:45:07.127 [main] INFO  - Opening chrome browser...
16:45:08.805 [main] INFO  - Ad bypassed...
16:45:09.326 [main] INFO  - Navigating to Cabs Page...
16:45:10.534 [main] INFO  - Filling in from and to locations- Hyderabad : Hosur, Tamil Nadu, India ...
16:45:14.498 [main] INFO  - Selecting departure - 15 and time - 7:40:AM details...
16:45:19.750 [main] INFO  - Clicking Search...
16:45:22.239 [main] INFO  - Selecting filter - SEDAN...
16:45:23.759 [main] INFO  - Capturing cab details with lowest charges...
16:45:23.800 [main] DEBUG - Parsing relationship: /xl/_rels/workbook.xml.rels
16:45:23.801 [main] DEBUG - Parsing relationship: /xl/worksheets/_rels/sheet1.xml.rels
16:45:23.801 [main] DEBUG - Parsing relationship: /xl/worksheets/_rels/sheet2.xml.rels
16:45:23.801 [main] DEBUG - Parsing relationship: /xl/worksheets/_rels/sheet3.xml.rels
16:45:23.802 [main] DEBUG - Parsing relationship: /_rels/.rels
16:45:23.808 [main] DEBUG - using default POIXMLDocumentPart for http://schemas.openxmlformats.org/officeDocument/2006/relationships/printerSettings
16:45:23.808 [main] DEBUG - using default POIXMLDocumentPart for http://schemas.openxmlformats.org/officeDocument/2006/relationships/printerSettings
16:45:23.857 [main] DEBUG - Save content types part
16:45:23.858 [main] DEBUG - Save package relationships
16:45:23.859 [main] DEBUG - Save part 'docProps/app.xml'
16:45:23.859 [main] DEBUG - Save part 'docProps/core.xml'
16:45:23.860 [main] DEBUG - Save part 'xl/printerSettings/printerSettings1.bin'
16:45:23.861 [main] DEBUG - Save part 'xl/printerSettings/printerSettings2.bin'
16:45:23.861 [main] DEBUG - Save part 'xl/sharedStrings.xml'
16:45:23.861 [main] DEBUG - Save part 'xl/styles.xml'
16:45:23.861 [main] DEBUG - Save part 'xl/theme/theme1.xml'
16:45:23.861 [main] DEBUG - Save part 'xl/workbook.xml'
16:45:23.862 [main] DEBUG - Save part 'xl/worksheets/sheet1.xml'
16:45:23.863 [main] DEBUG - Save part 'xl/worksheets/sheet2.xml'
16:45:23.864 [main] DEBUG - Save part 'xl/worksheets/sheet3.xml'
